<?xml version="1.0" encoding="UTF-8"?>
<!-- Generated by org.testng.reporters.JUnitXMLReporter -->
<testsuite hostname="Muralis-MBP.attlocal.net" ignored="0" name="Rest Endpoints Tests" tests="3" failures="0" timestamp="20 May 2018 07:00:18 GMT" time="1.807" errors="0">
  <testcase name="testTotalUniqueMoviesAndMovieByTitle" time="1.54" classname="com.stem.qa.automation.restapi.tests.OMDbEndpointsTester"/>
  <testcase name="testMovieDetailsByOMDBId" time="0.213" classname="com.stem.qa.automation.restapi.tests.OMDbEndpointsTester"/>
  <testcase name="testSearchMovieDetailsEndpointByTitle" time="0.032" classname="com.stem.qa.automation.restapi.tests.OMDbEndpointsTester"/>
</testsuite> <!-- Rest Endpoints Tests -->
