<?xml version="1.0" encoding="UTF-8"?>
<!-- Generated by org.testng.reporters.JUnitXMLReporter -->
<testsuite hostname="Muralis-MBP.attlocal.net" ignored="0" name="Default test" tests="3" failures="0" timestamp="20 May 2018 05:51:55 GMT" time="1.758" errors="0">
  <testcase name="testTotalUniqueMoviesAndMovieByTitle" time="1.516" classname="com.stem.qa.automation.restapi.tests.OMDbEndpointsTester"/>
  <testcase name="testMovieDetailsByOMDBId" time="0.196" classname="com.stem.qa.automation.restapi.tests.OMDbEndpointsTester"/>
  <testcase name="testSearchMovieDetailsEndpointByTitle" time="0.028" classname="com.stem.qa.automation.restapi.tests.OMDbEndpointsTester"/>
</testsuite> <!-- Default test -->
