<?xml version="1.0" encoding="UTF-8"?>
<!-- Generated by org.testng.reporters.JUnitXMLReporter -->
<testsuite hostname="Muralis-MBP.attlocal.net" ignored="0" name="Default test" tests="3" failures="0" timestamp="21 May 2018 05:01:30 GMT" time="1.751" errors="0">
  <testcase name="testTotalUniqueMoviesAndMovieByTitle" time="1.504" classname="com.stem.qa.automation.restapi.tests.OMDbEndpointsTester"/>
  <testcase name="testMovieDetailsByOMDBId" time="0.193" classname="com.stem.qa.automation.restapi.tests.OMDbEndpointsTester"/>
  <testcase name="testSearchMovieDetailsEndpointByTitle" time="0.034" classname="com.stem.qa.automation.restapi.tests.OMDbEndpointsTester"/>
</testsuite> <!-- Default test -->
